Started GET "/" for 127.0.0.1 at 2019-10-03 16:45:36 +0530
  
ActiveRecord::NoDatabaseError (FATAL:  role "shivam" does not exist
):
  
activerecord (5.2.3) lib/active_record/connection_adapters/postgresql_adapter.rb:696:in `rescue in connect'
activerecord (5.2.3) lib/active_record/connection_adapters/postgresql_adapter.rb:691:in `connect'
activerecord (5.2.3) lib/active_record/connection_adapters/postgresql_adapter.rb:223:in `initialize'
activerecord (5.2.3) lib/active_record/connection_adapters/postgresql_adapter.rb:48:in `new'
activerecord (5.2.3) lib/active_record/connection_adapters/postgresql_adapter.rb:48:in `postgresql_connection'
activerecord (5.2.3) lib/active_record/connection_adapters/abstract/connection_pool.rb:811:in `new_connection'
activerecord (5.2.3) lib/active_record/connection_adapters/abstract/connection_pool.rb:855:in `checkout_new_connection'
activerecord (5.2.3) lib/active_record/connection_adapters/abstract/connection_pool.rb:834:in `try_to_checkout_new_connection'
activerecord (5.2.3) lib/active_record/connection_adapters/abstract/connection_pool.rb:795:in `acquire_connection'
activerecord (5.2.3) lib/active_record/connection_adapters/abstract/connection_pool.rb:523:in `checkout'
activerecord (5.2.3) lib/active_record/connection_adapters/abstract/connection_pool.rb:382:in `connection'
activerecord (5.2.3) lib/active_record/connection_adapters/abstract/connection_pool.rb:1014:in `retrieve_connection'
activerecord (5.2.3) lib/active_record/connection_handling.rb:118:in `retrieve_connection'
activerecord (5.2.3) lib/active_record/connection_handling.rb:90:in `connection'
activerecord (5.2.3) lib/active_record/migration.rb:554:in `call'
actionpack (5.2.3) lib/action_dispatch/middleware/callbacks.rb:28:in `block in call'
activesupport (5.2.3) lib/active_support/callbacks.rb:98:in `run_callbacks'
actionpack (5.2.3) lib/action_dispatch/middleware/callbacks.rb:26:in `call'
actionpack (5.2.3) lib/action_dispatch/middleware/executor.rb:14:in `call'
actionpack (5.2.3) lib/action_dispatch/middleware/debug_exceptions.rb:61:in `call'
web-console (3.7.0) lib/web_console/middleware.rb:135:in `call_app'
web-console (3.7.0) lib/web_console/middleware.rb:30:in `block in call'
web-console (3.7.0) lib/web_console/middleware.rb:20:in `catch'
web-console (3.7.0) lib/web_console/middleware.rb:20:in `call'
actionpack (5.2.3) lib/action_dispatch/middleware/show_exceptions.rb:33:in `call'
railties (5.2.3) lib/rails/rack/logger.rb:38:in `call_app'
railties (5.2.3) lib/rails/rack/logger.rb:26:in `block in call'
activesupport (5.2.3) lib/active_support/tagged_logging.rb:71:in `block in tagged'
activesupport (5.2.3) lib/active_support/tagged_logging.rb:28:in `tagged'
activesupport (5.2.3) lib/active_support/tagged_logging.rb:71:in `tagged'
railties (5.2.3) lib/rails/rack/logger.rb:26:in `call'
sprockets-rails (3.2.1) lib/sprockets/rails/quiet_assets.rb:13:in `call'
actionpack (5.2.3) lib/action_dispatch/middleware/remote_ip.rb:81:in `call'
actionpack (5.2.3) lib/action_dispatch/middleware/request_id.rb:27:in `call'
rack (2.0.7) lib/rack/method_override.rb:22:in `call'
rack (2.0.7) lib/rack/runtime.rb:22:in `call'
activesupport (5.2.3) lib/active_support/cache/strategy/local_cache_middleware.rb:29:in `call'
actionpack (5.2.3) lib/action_dispatch/middleware/executor.rb:14:in `call'
actionpack (5.2.3) lib/action_dispatch/middleware/static.rb:127:in `call'
rack (2.0.7) lib/rack/sendfile.rb:111:in `call'
webpacker (4.0.7) lib/webpacker/dev_server_proxy.rb:29:in `perform_request'
rack-proxy (0.6.5) lib/rack/proxy.rb:57:in `call'
railties (5.2.3) lib/rails/engine.rb:524:in `call'
puma (3.12.1) lib/puma/configuration.rb:227:in `call'
puma (3.12.1) lib/puma/server.rb:660:in `handle_request'
puma (3.12.1) lib/puma/server.rb:474:in `process_client'
puma (3.12.1) lib/puma/server.rb:334:in `block in run'
puma (3.12.1) lib/puma/thread_pool.rb:135:in `block in spawn_thread'
Started GET "/" for 127.0.0.1 at 2019-10-03 16:47:25 +0530
  
ActiveRecord::NoDatabaseError (FATAL:  role "shivam" does not exist
):
  
activerecord (5.2.3) lib/active_record/connection_adapters/postgresql_adapter.rb:696:in `rescue in connect'
activerecord (5.2.3) lib/active_record/connection_adapters/postgresql_adapter.rb:691:in `connect'
activerecord (5.2.3) lib/active_record/connection_adapters/postgresql_adapter.rb:223:in `initialize'
activerecord (5.2.3) lib/active_record/connection_adapters/postgresql_adapter.rb:48:in `new'
activerecord (5.2.3) lib/active_record/connection_adapters/postgresql_adapter.rb:48:in `postgresql_connection'
activerecord (5.2.3) lib/active_record/connection_adapters/abstract/connection_pool.rb:811:in `new_connection'
activerecord (5.2.3) lib/active_record/connection_adapters/abstract/connection_pool.rb:855:in `checkout_new_connection'
activerecord (5.2.3) lib/active_record/connection_adapters/abstract/connection_pool.rb:834:in `try_to_checkout_new_connection'
activerecord (5.2.3) lib/active_record/connection_adapters/abstract/connection_pool.rb:795:in `acquire_connection'
activerecord (5.2.3) lib/active_record/connection_adapters/abstract/connection_pool.rb:523:in `checkout'
activerecord (5.2.3) lib/active_record/connection_adapters/abstract/connection_pool.rb:382:in `connection'
activerecord (5.2.3) lib/active_record/connection_adapters/abstract/connection_pool.rb:1014:in `retrieve_connection'
activerecord (5.2.3) lib/active_record/connection_handling.rb:118:in `retrieve_connection'
activerecord (5.2.3) lib/active_record/connection_handling.rb:90:in `connection'
activerecord (5.2.3) lib/active_record/migration.rb:554:in `call'
actionpack (5.2.3) lib/action_dispatch/middleware/callbacks.rb:28:in `block in call'
activesupport (5.2.3) lib/active_support/callbacks.rb:98:in `run_callbacks'
actionpack (5.2.3) lib/action_dispatch/middleware/callbacks.rb:26:in `call'
actionpack (5.2.3) lib/action_dispatch/middleware/executor.rb:14:in `call'
actionpack (5.2.3) lib/action_dispatch/middleware/debug_exceptions.rb:61:in `call'
web-console (3.7.0) lib/web_console/middleware.rb:135:in `call_app'
web-console (3.7.0) lib/web_console/middleware.rb:30:in `block in call'
web-console (3.7.0) lib/web_console/middleware.rb:20:in `catch'
web-console (3.7.0) lib/web_console/middleware.rb:20:in `call'
actionpack (5.2.3) lib/action_dispatch/middleware/show_exceptions.rb:33:in `call'
railties (5.2.3) lib/rails/rack/logger.rb:38:in `call_app'
railties (5.2.3) lib/rails/rack/logger.rb:26:in `block in call'
activesupport (5.2.3) lib/active_support/tagged_logging.rb:71:in `block in tagged'
activesupport (5.2.3) lib/active_support/tagged_logging.rb:28:in `tagged'
activesupport (5.2.3) lib/active_support/tagged_logging.rb:71:in `tagged'
railties (5.2.3) lib/rails/rack/logger.rb:26:in `call'
sprockets-rails (3.2.1) lib/sprockets/rails/quiet_assets.rb:13:in `call'
actionpack (5.2.3) lib/action_dispatch/middleware/remote_ip.rb:81:in `call'
actionpack (5.2.3) lib/action_dispatch/middleware/request_id.rb:27:in `call'
rack (2.0.7) lib/rack/method_override.rb:22:in `call'
rack (2.0.7) lib/rack/runtime.rb:22:in `call'
activesupport (5.2.3) lib/active_support/cache/strategy/local_cache_middleware.rb:29:in `call'
actionpack (5.2.3) lib/action_dispatch/middleware/executor.rb:14:in `call'
actionpack (5.2.3) lib/action_dispatch/middleware/static.rb:127:in `call'
rack (2.0.7) lib/rack/sendfile.rb:111:in `call'
webpacker (4.0.7) lib/webpacker/dev_server_proxy.rb:29:in `perform_request'
rack-proxy (0.6.5) lib/rack/proxy.rb:57:in `call'
railties (5.2.3) lib/rails/engine.rb:524:in `call'
puma (3.12.1) lib/puma/configuration.rb:227:in `call'
puma (3.12.1) lib/puma/server.rb:660:in `handle_request'
puma (3.12.1) lib/puma/server.rb:474:in `process_client'
puma (3.12.1) lib/puma/server.rb:334:in `block in run'
puma (3.12.1) lib/puma/thread_pool.rb:135:in `block in spawn_thread'
Started GET "/" for 127.0.0.1 at 2019-10-03 16:47:26 +0530
  
ActiveRecord::NoDatabaseError (FATAL:  role "shivam" does not exist
):
  
activerecord (5.2.3) lib/active_record/connection_adapters/postgresql_adapter.rb:696:in `rescue in connect'
activerecord (5.2.3) lib/active_record/connection_adapters/postgresql_adapter.rb:691:in `connect'
activerecord (5.2.3) lib/active_record/connection_adapters/postgresql_adapter.rb:223:in `initialize'
activerecord (5.2.3) lib/active_record/connection_adapters/postgresql_adapter.rb:48:in `new'
activerecord (5.2.3) lib/active_record/connection_adapters/postgresql_adapter.rb:48:in `postgresql_connection'
activerecord (5.2.3) lib/active_record/connection_adapters/abstract/connection_pool.rb:811:in `new_connection'
activerecord (5.2.3) lib/active_record/connection_adapters/abstract/connection_pool.rb:855:in `checkout_new_connection'
activerecord (5.2.3) lib/active_record/connection_adapters/abstract/connection_pool.rb:834:in `try_to_checkout_new_connection'
activerecord (5.2.3) lib/active_record/connection_adapters/abstract/connection_pool.rb:795:in `acquire_connection'
activerecord (5.2.3) lib/active_record/connection_adapters/abstract/connection_pool.rb:523:in `checkout'
activerecord (5.2.3) lib/active_record/connection_adapters/abstract/connection_pool.rb:382:in `connection'
activerecord (5.2.3) lib/active_record/connection_adapters/abstract/connection_pool.rb:1014:in `retrieve_connection'
activerecord (5.2.3) lib/active_record/connection_handling.rb:118:in `retrieve_connection'
activerecord (5.2.3) lib/active_record/connection_handling.rb:90:in `connection'
activerecord (5.2.3) lib/active_record/migration.rb:554:in `call'
actionpack (5.2.3) lib/action_dispatch/middleware/callbacks.rb:28:in `block in call'
activesupport (5.2.3) lib/active_support/callbacks.rb:98:in `run_callbacks'
actionpack (5.2.3) lib/action_dispatch/middleware/callbacks.rb:26:in `call'
actionpack (5.2.3) lib/action_dispatch/middleware/executor.rb:14:in `call'
actionpack (5.2.3) lib/action_dispatch/middleware/debug_exceptions.rb:61:in `call'
web-console (3.7.0) lib/web_console/middleware.rb:135:in `call_app'
web-console (3.7.0) lib/web_console/middleware.rb:30:in `block in call'
web-console (3.7.0) lib/web_console/middleware.rb:20:in `catch'
web-console (3.7.0) lib/web_console/middleware.rb:20:in `call'
actionpack (5.2.3) lib/action_dispatch/middleware/show_exceptions.rb:33:in `call'
railties (5.2.3) lib/rails/rack/logger.rb:38:in `call_app'
railties (5.2.3) lib/rails/rack/logger.rb:26:in `block in call'
activesupport (5.2.3) lib/active_support/tagged_logging.rb:71:in `block in tagged'
activesupport (5.2.3) lib/active_support/tagged_logging.rb:28:in `tagged'
activesupport (5.2.3) lib/active_support/tagged_logging.rb:71:in `tagged'
railties (5.2.3) lib/rails/rack/logger.rb:26:in `call'
sprockets-rails (3.2.1) lib/sprockets/rails/quiet_assets.rb:13:in `call'
actionpack (5.2.3) lib/action_dispatch/middleware/remote_ip.rb:81:in `call'
actionpack (5.2.3) lib/action_dispatch/middleware/request_id.rb:27:in `call'
rack (2.0.7) lib/rack/method_override.rb:22:in `call'
rack (2.0.7) lib/rack/runtime.rb:22:in `call'
activesupport (5.2.3) lib/active_support/cache/strategy/local_cache_middleware.rb:29:in `call'
actionpack (5.2.3) lib/action_dispatch/middleware/executor.rb:14:in `call'
actionpack (5.2.3) lib/action_dispatch/middleware/static.rb:127:in `call'
rack (2.0.7) lib/rack/sendfile.rb:111:in `call'
webpacker (4.0.7) lib/webpacker/dev_server_proxy.rb:29:in `perform_request'
rack-proxy (0.6.5) lib/rack/proxy.rb:57:in `call'
railties (5.2.3) lib/rails/engine.rb:524:in `call'
puma (3.12.1) lib/puma/configuration.rb:227:in `call'
puma (3.12.1) lib/puma/server.rb:660:in `handle_request'
puma (3.12.1) lib/puma/server.rb:474:in `process_client'
puma (3.12.1) lib/puma/server.rb:334:in `block in run'
puma (3.12.1) lib/puma/thread_pool.rb:135:in `block in spawn_thread'
Started GET "/" for 127.0.0.1 at 2019-10-03 16:47:27 +0530
  
ActiveRecord::NoDatabaseError (FATAL:  role "shivam" does not exist
):
  
activerecord (5.2.3) lib/active_record/connection_adapters/postgresql_adapter.rb:696:in `rescue in connect'
activerecord (5.2.3) lib/active_record/connection_adapters/postgresql_adapter.rb:691:in `connect'
activerecord (5.2.3) lib/active_record/connection_adapters/postgresql_adapter.rb:223:in `initialize'
activerecord (5.2.3) lib/active_record/connection_adapters/postgresql_adapter.rb:48:in `new'
activerecord (5.2.3) lib/active_record/connection_adapters/postgresql_adapter.rb:48:in `postgresql_connection'
activerecord (5.2.3) lib/active_record/connection_adapters/abstract/connection_pool.rb:811:in `new_connection'
activerecord (5.2.3) lib/active_record/connection_adapters/abstract/connection_pool.rb:855:in `checkout_new_connection'
activerecord (5.2.3) lib/active_record/connection_adapters/abstract/connection_pool.rb:834:in `try_to_checkout_new_connection'
activerecord (5.2.3) lib/active_record/connection_adapters/abstract/connection_pool.rb:795:in `acquire_connection'
activerecord (5.2.3) lib/active_record/connection_adapters/abstract/connection_pool.rb:523:in `checkout'
activerecord (5.2.3) lib/active_record/connection_adapters/abstract/connection_pool.rb:382:in `connection'
activerecord (5.2.3) lib/active_record/connection_adapters/abstract/connection_pool.rb:1014:in `retrieve_connection'
activerecord (5.2.3) lib/active_record/connection_handling.rb:118:in `retrieve_connection'
activerecord (5.2.3) lib/active_record/connection_handling.rb:90:in `connection'
activerecord (5.2.3) lib/active_record/migration.rb:554:in `call'
actionpack (5.2.3) lib/action_dispatch/middleware/callbacks.rb:28:in `block in call'
activesupport (5.2.3) lib/active_support/callbacks.rb:98:in `run_callbacks'
actionpack (5.2.3) lib/action_dispatch/middleware/callbacks.rb:26:in `call'
actionpack (5.2.3) lib/action_dispatch/middleware/executor.rb:14:in `call'
actionpack (5.2.3) lib/action_dispatch/middleware/debug_exceptions.rb:61:in `call'
web-console (3.7.0) lib/web_console/middleware.rb:135:in `call_app'
web-console (3.7.0) lib/web_console/middleware.rb:30:in `block in call'
web-console (3.7.0) lib/web_console/middleware.rb:20:in `catch'
web-console (3.7.0) lib/web_console/middleware.rb:20:in `call'
actionpack (5.2.3) lib/action_dispatch/middleware/show_exceptions.rb:33:in `call'
railties (5.2.3) lib/rails/rack/logger.rb:38:in `call_app'
railties (5.2.3) lib/rails/rack/logger.rb:26:in `block in call'
activesupport (5.2.3) lib/active_support/tagged_logging.rb:71:in `block in tagged'
activesupport (5.2.3) lib/active_support/tagged_logging.rb:28:in `tagged'
activesupport (5.2.3) lib/active_support/tagged_logging.rb:71:in `tagged'
railties (5.2.3) lib/rails/rack/logger.rb:26:in `call'
sprockets-rails (3.2.1) lib/sprockets/rails/quiet_assets.rb:13:in `call'
actionpack (5.2.3) lib/action_dispatch/middleware/remote_ip.rb:81:in `call'
actionpack (5.2.3) lib/action_dispatch/middleware/request_id.rb:27:in `call'
rack (2.0.7) lib/rack/method_override.rb:22:in `call'
rack (2.0.7) lib/rack/runtime.rb:22:in `call'
activesupport (5.2.3) lib/active_support/cache/strategy/local_cache_middleware.rb:29:in `call'
actionpack (5.2.3) lib/action_dispatch/middleware/executor.rb:14:in `call'
actionpack (5.2.3) lib/action_dispatch/middleware/static.rb:127:in `call'
rack (2.0.7) lib/rack/sendfile.rb:111:in `call'
webpacker (4.0.7) lib/webpacker/dev_server_proxy.rb:29:in `perform_request'
rack-proxy (0.6.5) lib/rack/proxy.rb:57:in `call'
railties (5.2.3) lib/rails/engine.rb:524:in `call'
puma (3.12.1) lib/puma/configuration.rb:227:in `call'
puma (3.12.1) lib/puma/server.rb:660:in `handle_request'
puma (3.12.1) lib/puma/server.rb:474:in `process_client'
puma (3.12.1) lib/puma/server.rb:334:in `block in run'
puma (3.12.1) lib/puma/thread_pool.rb:135:in `block in spawn_thread'
Started GET "/" for 127.0.0.1 at 2019-10-03 16:47:28 +0530
  
ActiveRecord::NoDatabaseError (FATAL:  role "shivam" does not exist
):
  
activerecord (5.2.3) lib/active_record/connection_adapters/postgresql_adapter.rb:696:in `rescue in connect'
activerecord (5.2.3) lib/active_record/connection_adapters/postgresql_adapter.rb:691:in `connect'
activerecord (5.2.3) lib/active_record/connection_adapters/postgresql_adapter.rb:223:in `initialize'
activerecord (5.2.3) lib/active_record/connection_adapters/postgresql_adapter.rb:48:in `new'
activerecord (5.2.3) lib/active_record/connection_adapters/postgresql_adapter.rb:48:in `postgresql_connection'
activerecord (5.2.3) lib/active_record/connection_adapters/abstract/connection_pool.rb:811:in `new_connection'
activerecord (5.2.3) lib/active_record/connection_adapters/abstract/connection_pool.rb:855:in `checkout_new_connection'
activerecord (5.2.3) lib/active_record/connection_adapters/abstract/connection_pool.rb:834:in `try_to_checkout_new_connection'
activerecord (5.2.3) lib/active_record/connection_adapters/abstract/connection_pool.rb:795:in `acquire_connection'
activerecord (5.2.3) lib/active_record/connection_adapters/abstract/connection_pool.rb:523:in `checkout'
activerecord (5.2.3) lib/active_record/connection_adapters/abstract/connection_pool.rb:382:in `connection'
activerecord (5.2.3) lib/active_record/connection_adapters/abstract/connection_pool.rb:1014:in `retrieve_connection'
activerecord (5.2.3) lib/active_record/connection_handling.rb:118:in `retrieve_connection'
activerecord (5.2.3) lib/active_record/connection_handling.rb:90:in `connection'
activerecord (5.2.3) lib/active_record/migration.rb:554:in `call'
actionpack (5.2.3) lib/action_dispatch/middleware/callbacks.rb:28:in `block in call'
activesupport (5.2.3) lib/active_support/callbacks.rb:98:in `run_callbacks'
actionpack (5.2.3) lib/action_dispatch/middleware/callbacks.rb:26:in `call'
actionpack (5.2.3) lib/action_dispatch/middleware/executor.rb:14:in `call'
actionpack (5.2.3) lib/action_dispatch/middleware/debug_exceptions.rb:61:in `call'
web-console (3.7.0) lib/web_console/middleware.rb:135:in `call_app'
web-console (3.7.0) lib/web_console/middleware.rb:30:in `block in call'
web-console (3.7.0) lib/web_console/middleware.rb:20:in `catch'
web-console (3.7.0) lib/web_console/middleware.rb:20:in `call'
actionpack (5.2.3) lib/action_dispatch/middleware/show_exceptions.rb:33:in `call'
railties (5.2.3) lib/rails/rack/logger.rb:38:in `call_app'
railties (5.2.3) lib/rails/rack/logger.rb:26:in `block in call'
activesupport (5.2.3) lib/active_support/tagged_logging.rb:71:in `block in tagged'
activesupport (5.2.3) lib/active_support/tagged_logging.rb:28:in `tagged'
activesupport (5.2.3) lib/active_support/tagged_logging.rb:71:in `tagged'
railties (5.2.3) lib/rails/rack/logger.rb:26:in `call'
sprockets-rails (3.2.1) lib/sprockets/rails/quiet_assets.rb:13:in `call'
actionpack (5.2.3) lib/action_dispatch/middleware/remote_ip.rb:81:in `call'
actionpack (5.2.3) lib/action_dispatch/middleware/request_id.rb:27:in `call'
rack (2.0.7) lib/rack/method_override.rb:22:in `call'
rack (2.0.7) lib/rack/runtime.rb:22:in `call'
activesupport (5.2.3) lib/active_support/cache/strategy/local_cache_middleware.rb:29:in `call'
actionpack (5.2.3) lib/action_dispatch/middleware/executor.rb:14:in `call'
actionpack (5.2.3) lib/action_dispatch/middleware/static.rb:127:in `call'
rack (2.0.7) lib/rack/sendfile.rb:111:in `call'
webpacker (4.0.7) lib/webpacker/dev_server_proxy.rb:29:in `perform_request'
rack-proxy (0.6.5) lib/rack/proxy.rb:57:in `call'
railties (5.2.3) lib/rails/engine.rb:524:in `call'
puma (3.12.1) lib/puma/configuration.rb:227:in `call'
puma (3.12.1) lib/puma/server.rb:660:in `handle_request'
puma (3.12.1) lib/puma/server.rb:474:in `process_client'
puma (3.12.1) lib/puma/server.rb:334:in `block in run'
puma (3.12.1) lib/puma/thread_pool.rb:135:in `block in spawn_thread'
  [1m[35m (551.6ms)[0m  [1m[35mCREATE DATABASE "rails_react_recipe_development" ENCODING = 'unicode'[0m
  ↳ bin/rails:9
  [1m[35m (539.5ms)[0m  [1m[35mCREATE DATABASE "rails_react_recipe_test" ENCODING = 'unicode'[0m
  ↳ bin/rails:9
Started GET "/" for 127.0.0.1 at 2019-10-03 16:49:12 +0530
Processing by Rails::WelcomeController#index as HTML
  Rendering /home/shivam/.rbenv/versions/2.6.3/lib/ruby/gems/2.6.0/gems/railties-5.2.3/lib/rails/templates/rails/welcome/index.html.erb
  Rendered /home/shivam/.rbenv/versions/2.6.3/lib/ruby/gems/2.6.0/gems/railties-5.2.3/lib/rails/templates/rails/welcome/index.html.erb (2.3ms)
Completed 200 OK in 8ms (Views: 3.7ms | ActiveRecord: 0.0ms)


Started GET "/" for 127.0.0.1 at 2019-10-03 16:51:03 +0530
Processing by Rails::WelcomeController#index as HTML
  Rendering /home/shivam/.rbenv/versions/2.6.3/lib/ruby/gems/2.6.0/gems/railties-5.2.3/lib/rails/templates/rails/welcome/index.html.erb
  Rendered /home/shivam/.rbenv/versions/2.6.3/lib/ruby/gems/2.6.0/gems/railties-5.2.3/lib/rails/templates/rails/welcome/index.html.erb (1.8ms)
Completed 200 OK in 8ms (Views: 3.5ms | ActiveRecord: 0.0ms)


Started GET "/" for 127.0.0.1 at 2019-10-03 16:51:04 +0530
Processing by Rails::WelcomeController#index as HTML
  Rendering /home/shivam/.rbenv/versions/2.6.3/lib/ruby/gems/2.6.0/gems/railties-5.2.3/lib/rails/templates/rails/welcome/index.html.erb
  Rendered /home/shivam/.rbenv/versions/2.6.3/lib/ruby/gems/2.6.0/gems/railties-5.2.3/lib/rails/templates/rails/welcome/index.html.erb (2.9ms)
Completed 200 OK in 5ms (Views: 4.2ms | ActiveRecord: 0.0ms)


Started GET "/" for 127.0.0.1 at 2019-10-03 16:51:04 +0530
Processing by Rails::WelcomeController#index as HTML
  Rendering /home/shivam/.rbenv/versions/2.6.3/lib/ruby/gems/2.6.0/gems/railties-5.2.3/lib/rails/templates/rails/welcome/index.html.erb
  Rendered /home/shivam/.rbenv/versions/2.6.3/lib/ruby/gems/2.6.0/gems/railties-5.2.3/lib/rails/templates/rails/welcome/index.html.erb (2.8ms)
Completed 200 OK in 5ms (Views: 3.8ms | ActiveRecord: 0.0ms)


Started GET "/home/index" for 127.0.0.1 at 2019-10-03 16:51:11 +0530
  
ActionController::RoutingError (No route matches [GET] "/home/index"):
  
actionpack (5.2.3) lib/action_dispatch/middleware/debug_exceptions.rb:65:in `call'
web-console (3.7.0) lib/web_console/middleware.rb:135:in `call_app'
web-console (3.7.0) lib/web_console/middleware.rb:30:in `block in call'
web-console (3.7.0) lib/web_console/middleware.rb:20:in `catch'
web-console (3.7.0) lib/web_console/middleware.rb:20:in `call'
actionpack (5.2.3) lib/action_dispatch/middleware/show_exceptions.rb:33:in `call'
railties (5.2.3) lib/rails/rack/logger.rb:38:in `call_app'
railties (5.2.3) lib/rails/rack/logger.rb:26:in `block in call'
activesupport (5.2.3) lib/active_support/tagged_logging.rb:71:in `block in tagged'
activesupport (5.2.3) lib/active_support/tagged_logging.rb:28:in `tagged'
activesupport (5.2.3) lib/active_support/tagged_logging.rb:71:in `tagged'
railties (5.2.3) lib/rails/rack/logger.rb:26:in `call'
sprockets-rails (3.2.1) lib/sprockets/rails/quiet_assets.rb:13:in `call'
actionpack (5.2.3) lib/action_dispatch/middleware/remote_ip.rb:81:in `call'
actionpack (5.2.3) lib/action_dispatch/middleware/request_id.rb:27:in `call'
rack (2.0.7) lib/rack/method_override.rb:22:in `call'
rack (2.0.7) lib/rack/runtime.rb:22:in `call'
activesupport (5.2.3) lib/active_support/cache/strategy/local_cache_middleware.rb:29:in `call'
actionpack (5.2.3) lib/action_dispatch/middleware/executor.rb:14:in `call'
actionpack (5.2.3) lib/action_dispatch/middleware/static.rb:127:in `call'
rack (2.0.7) lib/rack/sendfile.rb:111:in `call'
webpacker (4.0.7) lib/webpacker/dev_server_proxy.rb:29:in `perform_request'
rack-proxy (0.6.5) lib/rack/proxy.rb:57:in `call'
railties (5.2.3) lib/rails/engine.rb:524:in `call'
puma (3.12.1) lib/puma/configuration.rb:227:in `call'
puma (3.12.1) lib/puma/server.rb:660:in `handle_request'
puma (3.12.1) lib/puma/server.rb:474:in `process_client'
puma (3.12.1) lib/puma/server.rb:334:in `block in run'
puma (3.12.1) lib/puma/thread_pool.rb:135:in `block in spawn_thread'
Started GET "/homepage/index" for 127.0.0.1 at 2019-10-03 16:51:24 +0530
Processing by HomepageController#index as HTML
  Rendering homepage/index.html.erb within layouts/application
  Rendered homepage/index.html.erb within layouts/application (0.3ms)
Completed 200 OK in 821ms (Views: 819.3ms | ActiveRecord: 0.0ms)


Started GET "/" for 127.0.0.1 at 2019-10-03 16:51:52 +0530
Processing by HomepageController#index as HTML
  Rendering homepage/index.html.erb within layouts/application
  Rendered homepage/index.html.erb within layouts/application (0.3ms)
Completed 200 OK in 16ms (Views: 15.0ms | ActiveRecord: 0.0ms)


Started GET "/" for 127.0.0.1 at 2019-10-03 16:51:53 +0530
Processing by HomepageController#index as HTML
  Rendering homepage/index.html.erb within layouts/application
  Rendered homepage/index.html.erb within layouts/application (0.4ms)
Completed 200 OK in 14ms (Views: 13.3ms | ActiveRecord: 0.0ms)


Started GET "/" for 127.0.0.1 at 2019-10-03 16:59:34 +0530
Processing by HomepageController#index as HTML
  Rendering homepage/index.html.erb within layouts/application
  Rendered homepage/index.html.erb within layouts/application (0.4ms)
[Webpacker] Compiling…
[Webpacker] Compiled all packs in /home/shivam/experiment/rails_react_recipe/public/packs
Completed 200 OK in 11103ms (Views: 11102.3ms | ActiveRecord: 0.0ms)


Started GET "/" for 127.0.0.1 at 2019-10-03 17:00:09 +0530
Processing by HomepageController#index as HTML
  Rendering homepage/index.html.erb within layouts/application
  Rendered homepage/index.html.erb within layouts/application (0.9ms)
Completed 200 OK in 23ms (Views: 21.8ms | ActiveRecord: 0.0ms)


Started GET "/" for 127.0.0.1 at 2019-10-03 17:05:44 +0530
Processing by HomepageController#index as HTML
  Rendering homepage/index.html.erb within layouts/application
  Rendered homepage/index.html.erb within layouts/application (0.3ms)
Completed 200 OK in 12ms (Views: 11.1ms | ActiveRecord: 0.0ms)


Started GET "/" for 127.0.0.1 at 2019-10-03 17:05:50 +0530
Processing by HomepageController#index as HTML
  Rendering homepage/index.html.erb within layouts/application
  Rendered homepage/index.html.erb within layouts/application (0.4ms)
Completed 200 OK in 21ms (Views: 19.8ms | ActiveRecord: 0.0ms)


  [1m[35m (40.3ms)[0m  [1m[35mCREATE TABLE "schema_migrations" ("version" character varying NOT NULL PRIMARY KEY)[0m
  ↳ bin/rails:9
  [1m[35m (32.4ms)[0m  [1m[35mCREATE TABLE "ar_internal_metadata" ("key" character varying NOT NULL PRIMARY KEY, "value" character varying, "created_at" timestamp NOT NULL, "updated_at" timestamp NOT NULL)[0m
  ↳ bin/rails:9
  [1m[35m (0.2ms)[0m  [1m[34mSELECT pg_try_advisory_lock(4756338405265642755)[0m
  ↳ bin/rails:9
  [1m[35m (0.4ms)[0m  [1m[34mSELECT "schema_migrations"."version" FROM "schema_migrations" ORDER BY "schema_migrations"."version" ASC[0m
  ↳ bin/rails:9
Migrating to CreateRecipes (20191003113621)
  [1m[35m (0.1ms)[0m  [1m[35mBEGIN[0m
  ↳ bin/rails:9
  [1m[35m (31.9ms)[0m  [1m[35mCREATE TABLE "recipes" ("id" bigserial primary key, "name" character varying NOT NULL, "ingredients" text NOT NULL, "instruction" text NOT NULL, "image" character varying DEFAULT 'https://raw.githubusercontent.com/do-community/react_rails_recipe/master/app/assets/images/Sammy_Meal.jpg', "created_at" timestamp NOT NULL, "updated_at" timestamp NOT NULL)[0m
  ↳ db/migrate/20191003113621_create_recipes.rb:3
  [1m[36mActiveRecord::SchemaMigration Create (0.4ms)[0m  [1m[32mINSERT INTO "schema_migrations" ("version") VALUES ($1) RETURNING "version"[0m  [["version", "20191003113621"]]
  ↳ bin/rails:9
  [1m[35m (11.1ms)[0m  [1m[35mCOMMIT[0m
  ↳ bin/rails:9
  [1m[36mActiveRecord::InternalMetadata Load (0.3ms)[0m  [1m[34mSELECT  "ar_internal_metadata".* FROM "ar_internal_metadata" WHERE "ar_internal_metadata"."key" = $1 LIMIT $2[0m  [["key", "environment"], ["LIMIT", 1]]
  ↳ bin/rails:9
  [1m[35m (0.1ms)[0m  [1m[35mBEGIN[0m
  ↳ bin/rails:9
  [1m[36mActiveRecord::InternalMetadata Create (0.3ms)[0m  [1m[32mINSERT INTO "ar_internal_metadata" ("key", "value", "created_at", "updated_at") VALUES ($1, $2, $3, $4) RETURNING "key"[0m  [["key", "environment"], ["value", "development"], ["created_at", "2019-10-03 11:37:58.462056"], ["updated_at", "2019-10-03 11:37:58.462056"]]
  ↳ bin/rails:9
  [1m[35m (2.1ms)[0m  [1m[35mCOMMIT[0m
  ↳ bin/rails:9
  [1m[35m (0.5ms)[0m  [1m[34mSELECT pg_advisory_unlock(4756338405265642755)[0m
  ↳ bin/rails:9
  [1m[35m (0.3ms)[0m  [1m[34mSELECT "schema_migrations"."version" FROM "schema_migrations" ORDER BY "schema_migrations"."version" ASC[0m
  ↳ bin/rails:9
Started GET "/" for 127.0.0.1 at 2019-10-03 17:12:07 +0530
  [1m[35m (0.6ms)[0m  [1m[34mSELECT "schema_migrations"."version" FROM "schema_migrations" ORDER BY "schema_migrations"."version" ASC[0m
  ↳ /home/shivam/.rbenv/versions/2.6.3/lib/ruby/gems/2.6.0/gems/activerecord-5.2.3/lib/active_record/log_subscriber.rb:98
Processing by HomepageController#index as HTML
  Rendering homepage/index.html.erb within layouts/application
  Rendered homepage/index.html.erb within layouts/application (0.4ms)
Completed 200 OK in 693ms (Views: 688.5ms | ActiveRecord: 0.0ms)


Started GET "/" for 127.0.0.1 at 2019-10-03 17:12:09 +0530
Processing by HomepageController#index as HTML
  Rendering homepage/index.html.erb within layouts/application
  Rendered homepage/index.html.erb within layouts/application (0.4ms)
Completed 200 OK in 20ms (Views: 19.2ms | ActiveRecord: 0.0ms)


Started GET "/" for 127.0.0.1 at 2019-10-03 17:12:12 +0530
Processing by HomepageController#index as HTML
  Rendering homepage/index.html.erb within layouts/application
  Rendered homepage/index.html.erb within layouts/application (0.3ms)
Completed 200 OK in 37ms (Views: 35.9ms | ActiveRecord: 0.0ms)


  [1m[35m (0.4ms)[0m  [1m[34mSELECT "schema_migrations"."version" FROM "schema_migrations" ORDER BY "schema_migrations"."version" ASC[0m
  ↳ bin/rails:9
  [1m[35m (0.1ms)[0m  [1m[35mBEGIN[0m
  ↳ db/seeds.rb:2
  [1m[36mRecipe Create (0.7ms)[0m  [1m[32mINSERT INTO "recipes" ("name", "ingredients", "instruction", "created_at", "updated_at") VALUES ($1, $2, $3, $4, $5) RETURNING "id"[0m  [["name", "Recipe 1"], ["ingredients", "227g tub clotted cream, 25g butter, 1 tsp cornflour,100g parmesan, grated nutmeg, 250g fresh fettuccine or tagliatelle, snipped chives or chopped parsley to serve (optional)"], ["instruction", "In a medium saucepan, stir the clotted cream, butter, and cornflour over a low-ish heat and bring to a low simmer. Turn off the heat and keep warm."], ["created_at", "2019-10-03 11:43:36.111567"], ["updated_at", "2019-10-03 11:43:36.111567"]]
  ↳ db/seeds.rb:2
  [1m[35m (11.6ms)[0m  [1m[35mCOMMIT[0m
  ↳ db/seeds.rb:2
  [1m[35m (0.2ms)[0m  [1m[35mBEGIN[0m
  ↳ db/seeds.rb:2
  [1m[36mRecipe Create (0.3ms)[0m  [1m[32mINSERT INTO "recipes" ("name", "ingredients", "instruction", "created_at", "updated_at") VALUES ($1, $2, $3, $4, $5) RETURNING "id"[0m  [["name", "Recipe 2"], ["ingredients", "227g tub clotted cream, 25g butter, 1 tsp cornflour,100g parmesan, grated nutmeg, 250g fresh fettuccine or tagliatelle, snipped chives or chopped parsley to serve (optional)"], ["instruction", "In a medium saucepan, stir the clotted cream, butter, and cornflour over a low-ish heat and bring to a low simmer. Turn off the heat and keep warm."], ["created_at", "2019-10-03 11:43:36.125439"], ["updated_at", "2019-10-03 11:43:36.125439"]]
  ↳ db/seeds.rb:2
  [1m[35m (7.5ms)[0m  [1m[35mCOMMIT[0m
  ↳ db/seeds.rb:2
  [1m[35m (0.1ms)[0m  [1m[35mBEGIN[0m
  ↳ db/seeds.rb:2
  [1m[36mRecipe Create (0.3ms)[0m  [1m[32mINSERT INTO "recipes" ("name", "ingredients", "instruction", "created_at", "updated_at") VALUES ($1, $2, $3, $4, $5) RETURNING "id"[0m  [["name", "Recipe 3"], ["ingredients", "227g tub clotted cream, 25g butter, 1 tsp cornflour,100g parmesan, grated nutmeg, 250g fresh fettuccine or tagliatelle, snipped chives or chopped parsley to serve (optional)"], ["instruction", "In a medium saucepan, stir the clotted cream, butter, and cornflour over a low-ish heat and bring to a low simmer. Turn off the heat and keep warm."], ["created_at", "2019-10-03 11:43:36.134686"], ["updated_at", "2019-10-03 11:43:36.134686"]]
  ↳ db/seeds.rb:2
  [1m[35m (7.6ms)[0m  [1m[35mCOMMIT[0m
  ↳ db/seeds.rb:2
  [1m[35m (0.1ms)[0m  [1m[35mBEGIN[0m
  ↳ db/seeds.rb:2
  [1m[36mRecipe Create (0.3ms)[0m  [1m[32mINSERT INTO "recipes" ("name", "ingredients", "instruction", "created_at", "updated_at") VALUES ($1, $2, $3, $4, $5) RETURNING "id"[0m  [["name", "Recipe 4"], ["ingredients", "227g tub clotted cream, 25g butter, 1 tsp cornflour,100g parmesan, grated nutmeg, 250g fresh fettuccine or tagliatelle, snipped chives or chopped parsley to serve (optional)"], ["instruction", "In a medium saucepan, stir the clotted cream, butter, and cornflour over a low-ish heat and bring to a low simmer. Turn off the heat and keep warm."], ["created_at", "2019-10-03 11:43:36.144053"], ["updated_at", "2019-10-03 11:43:36.144053"]]
  ↳ db/seeds.rb:2
  [1m[35m (5.2ms)[0m  [1m[35mCOMMIT[0m
  ↳ db/seeds.rb:2
  [1m[35m (0.2ms)[0m  [1m[35mBEGIN[0m
  ↳ db/seeds.rb:2
  [1m[36mRecipe Create (0.3ms)[0m  [1m[32mINSERT INTO "recipes" ("name", "ingredients", "instruction", "created_at", "updated_at") VALUES ($1, $2, $3, $4, $5) RETURNING "id"[0m  [["name", "Recipe 5"], ["ingredients", "227g tub clotted cream, 25g butter, 1 tsp cornflour,100g parmesan, grated nutmeg, 250g fresh fettuccine or tagliatelle, snipped chives or chopped parsley to serve (optional)"], ["instruction", "In a medium saucepan, stir the clotted cream, butter, and cornflour over a low-ish heat and bring to a low simmer. Turn off the heat and keep warm."], ["created_at", "2019-10-03 11:43:36.151057"], ["updated_at", "2019-10-03 11:43:36.151057"]]
  ↳ db/seeds.rb:2
  [1m[35m (7.5ms)[0m  [1m[35mCOMMIT[0m
  ↳ db/seeds.rb:2
  [1m[35m (0.1ms)[0m  [1m[35mBEGIN[0m
  ↳ db/seeds.rb:2
  [1m[36mRecipe Create (0.3ms)[0m  [1m[32mINSERT INTO "recipes" ("name", "ingredients", "instruction", "created_at", "updated_at") VALUES ($1, $2, $3, $4, $5) RETURNING "id"[0m  [["name", "Recipe 6"], ["ingredients", "227g tub clotted cream, 25g butter, 1 tsp cornflour,100g parmesan, grated nutmeg, 250g fresh fettuccine or tagliatelle, snipped chives or chopped parsley to serve (optional)"], ["instruction", "In a medium saucepan, stir the clotted cream, butter, and cornflour over a low-ish heat and bring to a low simmer. Turn off the heat and keep warm."], ["created_at", "2019-10-03 11:43:36.160334"], ["updated_at", "2019-10-03 11:43:36.160334"]]
  ↳ db/seeds.rb:2
  [1m[35m (7.7ms)[0m  [1m[35mCOMMIT[0m
  ↳ db/seeds.rb:2
  [1m[35m (0.1ms)[0m  [1m[35mBEGIN[0m
  ↳ db/seeds.rb:2
  [1m[36mRecipe Create (0.3ms)[0m  [1m[32mINSERT INTO "recipes" ("name", "ingredients", "instruction", "created_at", "updated_at") VALUES ($1, $2, $3, $4, $5) RETURNING "id"[0m  [["name", "Recipe 7"], ["ingredients", "227g tub clotted cream, 25g butter, 1 tsp cornflour,100g parmesan, grated nutmeg, 250g fresh fettuccine or tagliatelle, snipped chives or chopped parsley to serve (optional)"], ["instruction", "In a medium saucepan, stir the clotted cream, butter, and cornflour over a low-ish heat and bring to a low simmer. Turn off the heat and keep warm."], ["created_at", "2019-10-03 11:43:36.169802"], ["updated_at", "2019-10-03 11:43:36.169802"]]
  ↳ db/seeds.rb:2
  [1m[35m (2.1ms)[0m  [1m[35mCOMMIT[0m
  ↳ db/seeds.rb:2
  [1m[35m (0.1ms)[0m  [1m[35mBEGIN[0m
  ↳ db/seeds.rb:2
  [1m[36mRecipe Create (0.3ms)[0m  [1m[32mINSERT INTO "recipes" ("name", "ingredients", "instruction", "created_at", "updated_at") VALUES ($1, $2, $3, $4, $5) RETURNING "id"[0m  [["name", "Recipe 8"], ["ingredients", "227g tub clotted cream, 25g butter, 1 tsp cornflour,100g parmesan, grated nutmeg, 250g fresh fettuccine or tagliatelle, snipped chives or chopped parsley to serve (optional)"], ["instruction", "In a medium saucepan, stir the clotted cream, butter, and cornflour over a low-ish heat and bring to a low simmer. Turn off the heat and keep warm."], ["created_at", "2019-10-03 11:43:36.173511"], ["updated_at", "2019-10-03 11:43:36.173511"]]
  ↳ db/seeds.rb:2
  [1m[35m (10.5ms)[0m  [1m[35mCOMMIT[0m
  ↳ db/seeds.rb:2
  [1m[35m (0.2ms)[0m  [1m[35mBEGIN[0m
  ↳ db/seeds.rb:2
  [1m[36mRecipe Create (0.3ms)[0m  [1m[32mINSERT INTO "recipes" ("name", "ingredients", "instruction", "created_at", "updated_at") VALUES ($1, $2, $3, $4, $5) RETURNING "id"[0m  [["name", "Recipe 9"], ["ingredients", "227g tub clotted cream, 25g butter, 1 tsp cornflour,100g parmesan, grated nutmeg, 250g fresh fettuccine or tagliatelle, snipped chives or chopped parsley to serve (optional)"], ["instruction", "In a medium saucepan, stir the clotted cream, butter, and cornflour over a low-ish heat and bring to a low simmer. Turn off the heat and keep warm."], ["created_at", "2019-10-03 11:43:36.185735"], ["updated_at", "2019-10-03 11:43:36.185735"]]
  ↳ db/seeds.rb:2
  [1m[35m (7.7ms)[0m  [1m[35mCOMMIT[0m
  ↳ db/seeds.rb:2
Started GET "/" for 127.0.0.1 at 2019-10-03 17:16:18 +0530
  [1m[35m (0.6ms)[0m  [1m[34mSELECT "schema_migrations"."version" FROM "schema_migrations" ORDER BY "schema_migrations"."version" ASC[0m
  ↳ /home/shivam/.rbenv/versions/2.6.3/lib/ruby/gems/2.6.0/gems/activerecord-5.2.3/lib/active_record/log_subscriber.rb:98
Processing by HomepageController#index as HTML
  Rendering homepage/index.html.erb within layouts/application
  Rendered homepage/index.html.erb within layouts/application (0.4ms)
[Webpacker] Compiling…
[Webpacker] Compiled all packs in /home/shivam/experiment/rails_react_recipe/public/packs
Completed 200 OK in 4921ms (Views: 4916.4ms | ActiveRecord: 0.0ms)


Started GET "/api/v1/recipes/index" for 127.0.0.1 at 2019-10-03 17:16:26 +0530
Processing by Api::V1::RecipesController#index as */*
  [1m[36mRecipe Load (0.8ms)[0m  [1m[34mSELECT "recipes".* FROM "recipes" ORDER BY "recipes"."created_at" DESC[0m
  ↳ app/controllers/api/v1/recipes_controller.rb:4
Completed 200 OK in 24ms (Views: 14.1ms | ActiveRecord: 6.3ms)


Started GET "/api/v1/recipes/index" for 127.0.0.1 at 2019-10-03 17:16:35 +0530
Processing by Api::V1::RecipesController#index as */*
  [1m[36mRecipe Load (0.5ms)[0m  [1m[34mSELECT "recipes".* FROM "recipes" ORDER BY "recipes"."created_at" DESC[0m
  ↳ app/controllers/api/v1/recipes_controller.rb:4
Completed 200 OK in 19ms (Views: 17.3ms | ActiveRecord: 0.5ms)


Started GET "/" for 127.0.0.1 at 2019-10-03 17:16:41 +0530
Processing by HomepageController#index as HTML
  Rendering homepage/index.html.erb within layouts/application
  Rendered homepage/index.html.erb within layouts/application (0.6ms)
Completed 200 OK in 24ms (Views: 23.2ms | ActiveRecord: 0.0ms)


Started GET "/" for 127.0.0.1 at 2019-10-03 17:16:43 +0530
Processing by HomepageController#index as HTML
  Rendering homepage/index.html.erb within layouts/application
  Rendered homepage/index.html.erb within layouts/application (0.4ms)
Completed 200 OK in 20ms (Views: 19.1ms | ActiveRecord: 0.0ms)


Started GET "/api/v1/recipes/index" for 127.0.0.1 at 2019-10-03 17:16:45 +0530
Processing by Api::V1::RecipesController#index as */*
  [1m[36mRecipe Load (1.0ms)[0m  [1m[34mSELECT "recipes".* FROM "recipes" ORDER BY "recipes"."created_at" DESC[0m
  ↳ app/controllers/api/v1/recipes_controller.rb:4
Completed 200 OK in 4ms (Views: 2.5ms | ActiveRecord: 1.0ms)


Started GET "/" for 127.0.0.1 at 2019-10-03 17:16:47 +0530
Processing by HomepageController#index as HTML
  Rendering homepage/index.html.erb within layouts/application
  Rendered homepage/index.html.erb within layouts/application (0.3ms)
Completed 200 OK in 23ms (Views: 21.9ms | ActiveRecord: 0.0ms)


Started GET "/" for 127.0.0.1 at 2019-10-03 17:16:48 +0530
Processing by HomepageController#index as HTML
  Rendering homepage/index.html.erb within layouts/application
  Rendered homepage/index.html.erb within layouts/application (0.3ms)
Completed 200 OK in 19ms (Views: 18.4ms | ActiveRecord: 0.0ms)


Started GET "/api/v1/recipes/index" for 127.0.0.1 at 2019-10-03 17:16:50 +0530
Processing by Api::V1::RecipesController#index as */*
  [1m[36mRecipe Load (0.5ms)[0m  [1m[34mSELECT "recipes".* FROM "recipes" ORDER BY "recipes"."created_at" DESC[0m
  ↳ app/controllers/api/v1/recipes_controller.rb:4
Completed 200 OK in 4ms (Views: 3.1ms | ActiveRecord: 0.5ms)


Started GET "/api/v1/recipes/index" for 127.0.0.1 at 2019-10-03 17:16:53 +0530
Processing by Api::V1::RecipesController#index as */*
  [1m[36mRecipe Load (0.4ms)[0m  [1m[34mSELECT "recipes".* FROM "recipes" ORDER BY "recipes"."created_at" DESC[0m
  ↳ app/controllers/api/v1/recipes_controller.rb:4
Completed 200 OK in 5ms (Views: 3.5ms | ActiveRecord: 0.4ms)


Started GET "/recipes" for 127.0.0.1 at 2019-10-03 17:19:33 +0530
Processing by HomepageController#index as HTML
  Parameters: {"path"=>"recipes"}
  Rendering homepage/index.html.erb within layouts/application
  Rendered homepage/index.html.erb within layouts/application (0.4ms)
[Webpacker] Compiling…
[Webpacker] Compiled all packs in /home/shivam/experiment/rails_react_recipe/public/packs
Completed 200 OK in 4396ms (Views: 4394.9ms | ActiveRecord: 0.0ms)


Started GET "/api/v1/recipes/index" for 127.0.0.1 at 2019-10-03 17:19:38 +0530
Processing by Api::V1::RecipesController#index as */*
  [1m[36mRecipe Load (0.4ms)[0m  [1m[34mSELECT "recipes".* FROM "recipes" ORDER BY "recipes"."created_at" DESC[0m
  ↳ app/controllers/api/v1/recipes_controller.rb:4
Completed 200 OK in 3ms (Views: 2.0ms | ActiveRecord: 0.4ms)


Started GET "/api/v1/show/6" for 127.0.0.1 at 2019-10-03 17:19:45 +0530
Processing by Api::V1::RecipesController#show as */*
  Parameters: {"id"=>"6"}
  [1m[36mRecipe Load (0.3ms)[0m  [1m[34mSELECT  "recipes".* FROM "recipes" WHERE "recipes"."id" = $1 LIMIT $2[0m  [["id", 6], ["LIMIT", 1]]
  ↳ app/controllers/api/v1/recipes_controller.rb:36
Completed 200 OK in 9ms (Views: 0.5ms | ActiveRecord: 0.5ms)


Started GET "/api/v1/recipes/index" for 127.0.0.1 at 2019-10-03 17:19:51 +0530
Processing by Api::V1::RecipesController#index as */*
  [1m[36mRecipe Load (0.6ms)[0m  [1m[34mSELECT "recipes".* FROM "recipes" ORDER BY "recipes"."created_at" DESC[0m
  ↳ app/controllers/api/v1/recipes_controller.rb:4
Completed 200 OK in 5ms (Views: 3.6ms | ActiveRecord: 0.6ms)


Started GET "/api/v1/show/5" for 127.0.0.1 at 2019-10-03 17:19:52 +0530
Processing by Api::V1::RecipesController#show as */*
  Parameters: {"id"=>"5"}
  [1m[36mRecipe Load (0.5ms)[0m  [1m[34mSELECT  "recipes".* FROM "recipes" WHERE "recipes"."id" = $1 LIMIT $2[0m  [["id", 5], ["LIMIT", 1]]
  ↳ app/controllers/api/v1/recipes_controller.rb:36
Completed 200 OK in 3ms (Views: 0.6ms | ActiveRecord: 0.5ms)


Started GET "/api/v1/recipes/index" for 127.0.0.1 at 2019-10-03 17:19:54 +0530
Processing by Api::V1::RecipesController#index as */*
  [1m[36mRecipe Load (0.4ms)[0m  [1m[34mSELECT "recipes".* FROM "recipes" ORDER BY "recipes"."created_at" DESC[0m
  ↳ app/controllers/api/v1/recipes_controller.rb:4
Completed 200 OK in 3ms (Views: 2.2ms | ActiveRecord: 0.4ms)


Started GET "/api/v1/show/1" for 127.0.0.1 at 2019-10-03 17:20:00 +0530
Processing by Api::V1::RecipesController#show as */*
  Parameters: {"id"=>"1"}
  [1m[36mRecipe Load (0.5ms)[0m  [1m[34mSELECT  "recipes".* FROM "recipes" WHERE "recipes"."id" = $1 LIMIT $2[0m  [["id", 1], ["LIMIT", 1]]
  ↳ app/controllers/api/v1/recipes_controller.rb:36
Completed 200 OK in 3ms (Views: 0.5ms | ActiveRecord: 0.5ms)


Started GET "/api/v1/recipes/index" for 127.0.0.1 at 2019-10-03 17:20:04 +0530
Processing by Api::V1::RecipesController#index as */*
  [1m[36mRecipe Load (0.5ms)[0m  [1m[34mSELECT "recipes".* FROM "recipes" ORDER BY "recipes"."created_at" DESC[0m
  ↳ app/controllers/api/v1/recipes_controller.rb:4
Completed 200 OK in 4ms (Views: 3.1ms | ActiveRecord: 0.5ms)


Started GET "/api/v1/show/8" for 127.0.0.1 at 2019-10-03 17:20:10 +0530
Processing by Api::V1::RecipesController#show as */*
  Parameters: {"id"=>"8"}
  [1m[36mRecipe Load (0.4ms)[0m  [1m[34mSELECT  "recipes".* FROM "recipes" WHERE "recipes"."id" = $1 LIMIT $2[0m  [["id", 8], ["LIMIT", 1]]
  ↳ app/controllers/api/v1/recipes_controller.rb:36
Completed 200 OK in 3ms (Views: 0.5ms | ActiveRecord: 0.4ms)


Started GET "/api/v1/recipes/index" for 127.0.0.1 at 2019-10-03 17:20:11 +0530
Processing by Api::V1::RecipesController#index as */*
  [1m[36mRecipe Load (0.4ms)[0m  [1m[34mSELECT "recipes".* FROM "recipes" ORDER BY "recipes"."created_at" DESC[0m
  ↳ app/controllers/api/v1/recipes_controller.rb:4
Completed 200 OK in 5ms (Views: 3.4ms | ActiveRecord: 0.4ms)


Started GET "/recipes" for 127.0.0.1 at 2019-10-03 17:22:38 +0530
Processing by HomepageController#index as HTML
  Parameters: {"path"=>"recipes"}
  Rendering homepage/index.html.erb within layouts/application
  Rendered homepage/index.html.erb within layouts/application (0.6ms)
[Webpacker] Compiling…
[Webpacker] Compiled all packs in /home/shivam/experiment/rails_react_recipe/public/packs
Completed 200 OK in 4508ms (Views: 4506.6ms | ActiveRecord: 0.0ms)


Started GET "/" for 127.0.0.1 at 2019-10-03 17:22:49 +0530
Processing by HomepageController#index as HTML
  Rendering homepage/index.html.erb within layouts/application
  Rendered homepage/index.html.erb within layouts/application (0.5ms)
Completed 200 OK in 22ms (Views: 20.8ms | ActiveRecord: 0.0ms)


Started GET "/" for 127.0.0.1 at 2019-10-03 17:22:55 +0530
Processing by HomepageController#index as HTML
  Rendering homepage/index.html.erb within layouts/application
  Rendered homepage/index.html.erb within layouts/application (0.3ms)
Completed 200 OK in 19ms (Views: 17.6ms | ActiveRecord: 0.0ms)


Started GET "/" for 127.0.0.1 at 2019-10-03 17:23:04 +0530
  [1m[35m (0.5ms)[0m  [1m[34mSELECT "schema_migrations"."version" FROM "schema_migrations" ORDER BY "schema_migrations"."version" ASC[0m
  ↳ /home/shivam/.rbenv/versions/2.6.3/lib/ruby/gems/2.6.0/gems/activerecord-5.2.3/lib/active_record/log_subscriber.rb:98
Processing by HomepageController#index as HTML
  Rendering homepage/index.html.erb within layouts/application
  Rendered homepage/index.html.erb within layouts/application (0.4ms)
Completed 200 OK in 738ms (Views: 731.8ms | ActiveRecord: 0.0ms)


Started GET "/" for 127.0.0.1 at 2019-10-03 17:23:57 +0530
Processing by HomepageController#index as HTML
  Rendering homepage/index.html.erb within layouts/application
  Rendered homepage/index.html.erb within layouts/application (0.5ms)
[Webpacker] Compiling…
[Webpacker] Compiled all packs in /home/shivam/experiment/rails_react_recipe/public/packs
Completed 200 OK in 4375ms (Views: 4373.6ms | ActiveRecord: 0.0ms)


Started GET "/api/v1/recipes/index" for 127.0.0.1 at 2019-10-03 17:24:04 +0530
Processing by Api::V1::RecipesController#index as */*
  [1m[36mRecipe Load (0.7ms)[0m  [1m[34mSELECT "recipes".* FROM "recipes" ORDER BY "recipes"."created_at" DESC[0m
  ↳ app/controllers/api/v1/recipes_controller.rb:4
Completed 200 OK in 18ms (Views: 8.6ms | ActiveRecord: 5.6ms)


Started GET "/api/v1/show/7" for 127.0.0.1 at 2019-10-03 17:24:08 +0530
Processing by Api::V1::RecipesController#show as */*
  Parameters: {"id"=>"7"}
  [1m[36mRecipe Load (0.4ms)[0m  [1m[34mSELECT  "recipes".* FROM "recipes" WHERE "recipes"."id" = $1 LIMIT $2[0m  [["id", 7], ["LIMIT", 1]]
  ↳ app/controllers/api/v1/recipes_controller.rb:36
Completed 200 OK in 4ms (Views: 0.5ms | ActiveRecord: 0.6ms)


Started GET "/api/v1/recipes/index" for 127.0.0.1 at 2019-10-03 17:24:13 +0530
Processing by Api::V1::RecipesController#index as */*
  [1m[36mRecipe Load (0.5ms)[0m  [1m[34mSELECT "recipes".* FROM "recipes" ORDER BY "recipes"."created_at" DESC[0m
  ↳ app/controllers/api/v1/recipes_controller.rb:4
Completed 200 OK in 6ms (Views: 4.1ms | ActiveRecord: 0.5ms)


Started POST "/api/v1/recipes/create" for 127.0.0.1 at 2019-10-03 17:24:44 +0530
Processing by Api::V1::RecipesController#create as */*
  Parameters: {"name"=>"baigan ka bharta", "ingredients"=>"baigan , bharta", "instruction"=>"mix baigan and bharta", "recipe"=>{"name"=>"baigan ka bharta", "ingredients"=>"baigan , bharta", "instruction"=>"mix baigan and bharta"}}
Unpermitted parameter: :recipe
  [1m[35m (0.1ms)[0m  [1m[35mBEGIN[0m
  ↳ app/controllers/api/v1/recipes_controller.rb:8
  [1m[36mRecipe Create (0.4ms)[0m  [1m[32mINSERT INTO "recipes" ("name", "ingredients", "instruction", "created_at", "updated_at") VALUES ($1, $2, $3, $4, $5) RETURNING "id"[0m  [["name", "baigan ka bharta"], ["ingredients", "baigan , bharta"], ["instruction", "mix baigan and bharta"], ["created_at", "2019-10-03 11:54:44.454150"], ["updated_at", "2019-10-03 11:54:44.454150"]]
  ↳ app/controllers/api/v1/recipes_controller.rb:8
  [1m[35m (9.5ms)[0m  [1m[35mCOMMIT[0m
  ↳ app/controllers/api/v1/recipes_controller.rb:8
Completed 200 OK in 14ms (Views: 0.4ms | ActiveRecord: 10.1ms)


Started GET "/api/v1/show/10" for 127.0.0.1 at 2019-10-03 17:24:44 +0530
Processing by Api::V1::RecipesController#show as */*
  Parameters: {"id"=>"10"}
  [1m[36mRecipe Load (1.0ms)[0m  [1m[34mSELECT  "recipes".* FROM "recipes" WHERE "recipes"."id" = $1 LIMIT $2[0m  [["id", 10], ["LIMIT", 1]]
  ↳ app/controllers/api/v1/recipes_controller.rb:36
Completed 200 OK in 3ms (Views: 0.5ms | ActiveRecord: 1.0ms)


Started GET "/api/v1/recipes/index" for 127.0.0.1 at 2019-10-03 17:24:48 +0530
Processing by Api::V1::RecipesController#index as */*
  [1m[36mRecipe Load (0.4ms)[0m  [1m[34mSELECT "recipes".* FROM "recipes" ORDER BY "recipes"."created_at" DESC[0m
  ↳ app/controllers/api/v1/recipes_controller.rb:4
Completed 200 OK in 4ms (Views: 2.8ms | ActiveRecord: 0.4ms)


Started GET "/recipes" for 127.0.0.1 at 2019-10-03 17:24:49 +0530
Processing by HomepageController#index as HTML
  Parameters: {"path"=>"recipes"}
  Rendering homepage/index.html.erb within layouts/application
  Rendered homepage/index.html.erb within layouts/application (0.4ms)
Completed 200 OK in 19ms (Views: 17.6ms | ActiveRecord: 0.0ms)


Started GET "/api/v1/recipes/index" for 127.0.0.1 at 2019-10-03 17:24:49 +0530
Processing by Api::V1::RecipesController#index as */*
  [1m[36mRecipe Load (0.4ms)[0m  [1m[34mSELECT "recipes".* FROM "recipes" ORDER BY "recipes"."created_at" DESC[0m
  ↳ app/controllers/api/v1/recipes_controller.rb:4
Completed 200 OK in 5ms (Views: 3.7ms | ActiveRecord: 0.4ms)


Started GET "/api/v1/show/10" for 127.0.0.1 at 2019-10-03 17:24:55 +0530
Processing by Api::V1::RecipesController#show as */*
  Parameters: {"id"=>"10"}
  [1m[36mRecipe Load (0.4ms)[0m  [1m[34mSELECT  "recipes".* FROM "recipes" WHERE "recipes"."id" = $1 LIMIT $2[0m  [["id", 10], ["LIMIT", 1]]
  ↳ app/controllers/api/v1/recipes_controller.rb:36
Completed 200 OK in 3ms (Views: 0.6ms | ActiveRecord: 0.4ms)


Started GET "/api/v1/recipes/index" for 127.0.0.1 at 2019-10-03 17:25:00 +0530
Processing by Api::V1::RecipesController#index as */*
  [1m[36mRecipe Load (0.5ms)[0m  [1m[34mSELECT "recipes".* FROM "recipes" ORDER BY "recipes"."created_at" DESC[0m
  ↳ app/controllers/api/v1/recipes_controller.rb:4
Completed 200 OK in 4ms (Views: 3.3ms | ActiveRecord: 0.5ms)


Started GET "/recipes" for 127.0.0.1 at 2019-10-03 17:26:16 +0530
Processing by HomepageController#index as HTML
  Parameters: {"path"=>"recipes"}
  Rendering homepage/index.html.erb within layouts/application
  Rendered homepage/index.html.erb within layouts/application (0.4ms)
[Webpacker] Compiling…
[Webpacker] Compiled all packs in /home/shivam/experiment/rails_react_recipe/public/packs
Completed 200 OK in 4462ms (Views: 4461.3ms | ActiveRecord: 0.0ms)


Started GET "/api/v1/recipes/index" for 127.0.0.1 at 2019-10-03 17:26:21 +0530
Processing by Api::V1::RecipesController#index as */*
  [1m[36mRecipe Load (0.8ms)[0m  [1m[34mSELECT "recipes".* FROM "recipes" ORDER BY "recipes"."created_at" DESC[0m
  ↳ app/controllers/api/v1/recipes_controller.rb:4
Completed 200 OK in 7ms (Views: 5.6ms | ActiveRecord: 0.8ms)


Started GET "/api/v1/show/9" for 127.0.0.1 at 2019-10-03 17:26:27 +0530
Processing by Api::V1::RecipesController#show as */*
  Parameters: {"id"=>"9"}
  [1m[36mRecipe Load (0.4ms)[0m  [1m[34mSELECT  "recipes".* FROM "recipes" WHERE "recipes"."id" = $1 LIMIT $2[0m  [["id", 9], ["LIMIT", 1]]
  ↳ app/controllers/api/v1/recipes_controller.rb:36
Completed 200 OK in 4ms (Views: 1.1ms | ActiveRecord: 0.4ms)


Started DELETE "/api/v1/destroy/9" for 127.0.0.1 at 2019-10-03 17:26:28 +0530
Processing by Api::V1::RecipesController#destroy as */*
  Parameters: {"id"=>"9", "recipe"=>{}}
  [1m[36mRecipe Load (0.7ms)[0m  [1m[34mSELECT  "recipes".* FROM "recipes" WHERE "recipes"."id" = $1 LIMIT $2[0m  [["id", 9], ["LIMIT", 1]]
  ↳ app/controllers/api/v1/recipes_controller.rb:36
  [1m[35m (0.2ms)[0m  [1m[35mBEGIN[0m
  ↳ app/controllers/api/v1/recipes_controller.rb:25
  [1m[36mRecipe Destroy (0.4ms)[0m  [1m[31mDELETE FROM "recipes" WHERE "recipes"."id" = $1[0m  [["id", 9]]
  ↳ app/controllers/api/v1/recipes_controller.rb:25
  [1m[35m (4.9ms)[0m  [1m[35mCOMMIT[0m
  ↳ app/controllers/api/v1/recipes_controller.rb:25
Completed 200 OK in 11ms (Views: 0.4ms | ActiveRecord: 6.2ms)


Started GET "/api/v1/recipes/index" for 127.0.0.1 at 2019-10-03 17:26:28 +0530
Processing by Api::V1::RecipesController#index as */*
  [1m[36mRecipe Load (0.5ms)[0m  [1m[34mSELECT "recipes".* FROM "recipes" ORDER BY "recipes"."created_at" DESC[0m
  ↳ app/controllers/api/v1/recipes_controller.rb:4
Completed 200 OK in 6ms (Views: 4.8ms | ActiveRecord: 0.5ms)


Started GET "/" for 127.0.0.1 at 2019-10-03 17:26:33 +0530
Processing by HomepageController#index as HTML
  Rendering homepage/index.html.erb within layouts/application
  Rendered homepage/index.html.erb within layouts/application (0.3ms)
Completed 200 OK in 36ms (Views: 35.2ms | ActiveRecord: 0.0ms)


Started GET "/api/v1/recipes/index" for 127.0.0.1 at 2019-10-03 17:26:50 +0530
Processing by Api::V1::RecipesController#index as */*
  [1m[36mRecipe Load (0.5ms)[0m  [1m[34mSELECT "recipes".* FROM "recipes" ORDER BY "recipes"."created_at" DESC[0m
  ↳ app/controllers/api/v1/recipes_controller.rb:4
Completed 200 OK in 4ms (Views: 3.0ms | ActiveRecord: 0.5ms)


Started GET "/api/v1/show/10" for 127.0.0.1 at 2019-10-03 17:26:54 +0530
Processing by Api::V1::RecipesController#show as */*
  Parameters: {"id"=>"10"}
  [1m[36mRecipe Load (0.4ms)[0m  [1m[34mSELECT  "recipes".* FROM "recipes" WHERE "recipes"."id" = $1 LIMIT $2[0m  [["id", 10], ["LIMIT", 1]]
  ↳ app/controllers/api/v1/recipes_controller.rb:36
Completed 200 OK in 2ms (Views: 0.6ms | ActiveRecord: 0.4ms)


Started DELETE "/api/v1/destroy/10" for 127.0.0.1 at 2019-10-03 17:27:01 +0530
Processing by Api::V1::RecipesController#destroy as */*
  Parameters: {"id"=>"10", "recipe"=>{}}
  [1m[36mRecipe Load (0.2ms)[0m  [1m[34mSELECT  "recipes".* FROM "recipes" WHERE "recipes"."id" = $1 LIMIT $2[0m  [["id", 10], ["LIMIT", 1]]
  ↳ app/controllers/api/v1/recipes_controller.rb:36
  [1m[35m (0.1ms)[0m  [1m[35mBEGIN[0m
  ↳ app/controllers/api/v1/recipes_controller.rb:25
  [1m[36mRecipe Destroy (0.2ms)[0m  [1m[31mDELETE FROM "recipes" WHERE "recipes"."id" = $1[0m  [["id", 10]]
  ↳ app/controllers/api/v1/recipes_controller.rb:25
  [1m[35m (10.1ms)[0m  [1m[35mCOMMIT[0m
  ↳ app/controllers/api/v1/recipes_controller.rb:25
Completed 200 OK in 13ms (Views: 0.2ms | ActiveRecord: 10.6ms)


Started GET "/api/v1/recipes/index" for 127.0.0.1 at 2019-10-03 17:27:01 +0530
Processing by Api::V1::RecipesController#index as */*
  [1m[36mRecipe Load (0.5ms)[0m  [1m[34mSELECT "recipes".* FROM "recipes" ORDER BY "recipes"."created_at" DESC[0m
  ↳ app/controllers/api/v1/recipes_controller.rb:4
Completed 200 OK in 7ms (Views: 6.2ms | ActiveRecord: 0.5ms)


Started GET "/" for 127.0.0.1 at 2019-10-03 17:28:59 +0530
Processing by HomepageController#index as HTML
  Rendering homepage/index.html.erb within layouts/application
  Rendered homepage/index.html.erb within layouts/application (0.4ms)
Completed 200 OK in 21ms (Views: 20.1ms | ActiveRecord: 0.0ms)


Started GET "/api/v1/recipes/index" for 127.0.0.1 at 2019-10-03 17:29:01 +0530
Processing by Api::V1::RecipesController#index as */*
  [1m[36mRecipe Load (0.5ms)[0m  [1m[34mSELECT "recipes".* FROM "recipes" ORDER BY "recipes"."created_at" DESC[0m
  ↳ app/controllers/api/v1/recipes_controller.rb:4
Completed 200 OK in 4ms (Views: 2.7ms | ActiveRecord: 0.5ms)


Started GET "/api/v1/show/7" for 127.0.0.1 at 2019-10-03 17:29:05 +0530
Processing by Api::V1::RecipesController#show as */*
  Parameters: {"id"=>"7"}
  [1m[36mRecipe Load (0.3ms)[0m  [1m[34mSELECT  "recipes".* FROM "recipes" WHERE "recipes"."id" = $1 LIMIT $2[0m  [["id", 7], ["LIMIT", 1]]
  ↳ app/controllers/api/v1/recipes_controller.rb:36
Completed 200 OK in 2ms (Views: 0.6ms | ActiveRecord: 0.3ms)


Started DELETE "/api/v1/destroy/7" for 127.0.0.1 at 2019-10-03 17:29:08 +0530
Processing by Api::V1::RecipesController#destroy as */*
  Parameters: {"id"=>"7", "recipe"=>{}}
  [1m[36mRecipe Load (0.3ms)[0m  [1m[34mSELECT  "recipes".* FROM "recipes" WHERE "recipes"."id" = $1 LIMIT $2[0m  [["id", 7], ["LIMIT", 1]]
  ↳ app/controllers/api/v1/recipes_controller.rb:36
  [1m[35m (0.2ms)[0m  [1m[35mBEGIN[0m
  ↳ app/controllers/api/v1/recipes_controller.rb:25
  [1m[36mRecipe Destroy (0.3ms)[0m  [1m[31mDELETE FROM "recipes" WHERE "recipes"."id" = $1[0m  [["id", 7]]
  ↳ app/controllers/api/v1/recipes_controller.rb:25
  [1m[35m (10.2ms)[0m  [1m[35mCOMMIT[0m
  ↳ app/controllers/api/v1/recipes_controller.rb:25
Completed 200 OK in 15ms (Views: 0.4ms | ActiveRecord: 11.1ms)


Started GET "/api/v1/recipes/index" for 127.0.0.1 at 2019-10-03 17:29:08 +0530
Processing by Api::V1::RecipesController#index as */*
  [1m[36mRecipe Load (0.9ms)[0m  [1m[34mSELECT "recipes".* FROM "recipes" ORDER BY "recipes"."created_at" DESC[0m
  ↳ app/controllers/api/v1/recipes_controller.rb:4
Completed 200 OK in 6ms (Views: 4.2ms | ActiveRecord: 0.9ms)


Started GET "/api/v1/recipes/index" for 127.0.0.1 at 2019-10-03 17:29:14 +0530
Processing by Api::V1::RecipesController#index as */*
  [1m[36mRecipe Load (0.4ms)[0m  [1m[34mSELECT "recipes".* FROM "recipes" ORDER BY "recipes"."created_at" DESC[0m
  ↳ app/controllers/api/v1/recipes_controller.rb:4
Completed 200 OK in 4ms (Views: 2.9ms | ActiveRecord: 0.4ms)


Started GET "/" for 127.0.0.1 at 2019-10-03 17:29:28 +0530
Processing by HomepageController#index as HTML
  Rendering homepage/index.html.erb within layouts/application
  Rendered homepage/index.html.erb within layouts/application (0.4ms)
Completed 200 OK in 19ms (Views: 17.8ms | ActiveRecord: 0.0ms)


Started GET "/api/v1/recipes/index" for 127.0.0.1 at 2019-10-03 17:29:29 +0530
Processing by Api::V1::RecipesController#index as */*
  [1m[36mRecipe Load (0.4ms)[0m  [1m[34mSELECT "recipes".* FROM "recipes" ORDER BY "recipes"."created_at" DESC[0m
  ↳ app/controllers/api/v1/recipes_controller.rb:4
Completed 200 OK in 4ms (Views: 2.3ms | ActiveRecord: 0.4ms)


Started GET "/api/v1/show/6" for 127.0.0.1 at 2019-10-03 17:29:34 +0530
Processing by Api::V1::RecipesController#show as */*
  Parameters: {"id"=>"6"}
  [1m[36mRecipe Load (0.3ms)[0m  [1m[34mSELECT  "recipes".* FROM "recipes" WHERE "recipes"."id" = $1 LIMIT $2[0m  [["id", 6], ["LIMIT", 1]]
  ↳ app/controllers/api/v1/recipes_controller.rb:36
Completed 200 OK in 2ms (Views: 0.4ms | ActiveRecord: 0.3ms)


Started GET "/api/v1/recipes/index" for 127.0.0.1 at 2019-10-03 17:29:36 +0530
Processing by Api::V1::RecipesController#index as */*
  [1m[36mRecipe Load (0.5ms)[0m  [1m[34mSELECT "recipes".* FROM "recipes" ORDER BY "recipes"."created_at" DESC[0m
  ↳ app/controllers/api/v1/recipes_controller.rb:4
Completed 200 OK in 5ms (Views: 3.9ms | ActiveRecord: 0.5ms)


Started GET "/api/v1/show/1" for 127.0.0.1 at 2019-10-03 17:29:39 +0530
Processing by Api::V1::RecipesController#show as */*
  Parameters: {"id"=>"1"}
  [1m[36mRecipe Load (0.3ms)[0m  [1m[34mSELECT  "recipes".* FROM "recipes" WHERE "recipes"."id" = $1 LIMIT $2[0m  [["id", 1], ["LIMIT", 1]]
  ↳ app/controllers/api/v1/recipes_controller.rb:36
Completed 200 OK in 3ms (Views: 0.8ms | ActiveRecord: 0.3ms)


Started GET "/api/v1/recipes/index" for 127.0.0.1 at 2019-10-03 17:29:42 +0530
Processing by Api::V1::RecipesController#index as */*
  [1m[36mRecipe Load (0.4ms)[0m  [1m[34mSELECT "recipes".* FROM "recipes" ORDER BY "recipes"."created_at" DESC[0m
  ↳ app/controllers/api/v1/recipes_controller.rb:4
Completed 200 OK in 3ms (Views: 2.4ms | ActiveRecord: 0.4ms)


Started GET "/" for 127.0.0.1 at 2019-10-03 17:32:10 +0530
Processing by HomepageController#index as HTML
  Rendering homepage/index.html.erb within layouts/application
  Rendered homepage/index.html.erb within layouts/application (0.4ms)
Completed 200 OK in 23ms (Views: 21.9ms | ActiveRecord: 0.0ms)


Started GET "/" for 127.0.0.1 at 2019-10-03 17:33:15 +0530
Processing by HomepageController#index as HTML
  Rendering homepage/index.html.erb within layouts/application
  Rendered homepage/index.html.erb within layouts/application (0.6ms)
Completed 200 OK in 19ms (Views: 18.2ms | ActiveRecord: 0.0ms)


Started GET "/api/v1/recipes/index" for 127.0.0.1 at 2019-10-03 17:33:25 +0530
Processing by Api::V1::RecipesController#index as */*
  [1m[36mRecipe Load (0.4ms)[0m  [1m[34mSELECT "recipes".* FROM "recipes" ORDER BY "recipes"."created_at" DESC[0m
  ↳ app/controllers/api/v1/recipes_controller.rb:4
Completed 200 OK in 22ms (Views: 20.4ms | ActiveRecord: 0.4ms)


Started GET "/api/v1/show/6" for 127.0.0.1 at 2019-10-03 17:33:28 +0530
Processing by Api::V1::RecipesController#show as */*
  Parameters: {"id"=>"6"}
  [1m[36mRecipe Load (0.3ms)[0m  [1m[34mSELECT  "recipes".* FROM "recipes" WHERE "recipes"."id" = $1 LIMIT $2[0m  [["id", 6], ["LIMIT", 1]]
  ↳ app/controllers/api/v1/recipes_controller.rb:36
Completed 200 OK in 2ms (Views: 0.4ms | ActiveRecord: 0.3ms)


Started DELETE "/api/v1/destroy/6" for 127.0.0.1 at 2019-10-03 17:33:30 +0530
Processing by Api::V1::RecipesController#destroy as */*
  Parameters: {"id"=>"6", "recipe"=>{}}
  [1m[36mRecipe Load (0.3ms)[0m  [1m[34mSELECT  "recipes".* FROM "recipes" WHERE "recipes"."id" = $1 LIMIT $2[0m  [["id", 6], ["LIMIT", 1]]
  ↳ app/controllers/api/v1/recipes_controller.rb:36
  [1m[35m (0.1ms)[0m  [1m[35mBEGIN[0m
  ↳ app/controllers/api/v1/recipes_controller.rb:25
  [1m[36mRecipe Destroy (0.3ms)[0m  [1m[31mDELETE FROM "recipes" WHERE "recipes"."id" = $1[0m  [["id", 6]]
  ↳ app/controllers/api/v1/recipes_controller.rb:25
  [1m[35m (10.1ms)[0m  [1m[35mCOMMIT[0m
  ↳ app/controllers/api/v1/recipes_controller.rb:25
Completed 200 OK in 13ms (Views: 0.3ms | ActiveRecord: 10.8ms)


Started GET "/api/v1/recipes/index" for 127.0.0.1 at 2019-10-03 17:33:31 +0530
Processing by Api::V1::RecipesController#index as */*
  [1m[36mRecipe Load (1.2ms)[0m  [1m[34mSELECT "recipes".* FROM "recipes" ORDER BY "recipes"."created_at" DESC[0m
  ↳ app/controllers/api/v1/recipes_controller.rb:4
Completed 200 OK in 5ms (Views: 3.1ms | ActiveRecord: 1.2ms)


Started GET "/api/v1/recipes/index" for 127.0.0.1 at 2019-10-03 17:33:37 +0530
Processing by Api::V1::RecipesController#index as */*
  [1m[36mRecipe Load (0.6ms)[0m  [1m[34mSELECT "recipes".* FROM "recipes" ORDER BY "recipes"."created_at" DESC[0m
  ↳ app/controllers/api/v1/recipes_controller.rb:4
Completed 200 OK in 4ms (Views: 2.5ms | ActiveRecord: 0.6ms)


